#
# There is insufficient memory for the Java Runtime Environment to continue.
# Native memory allocation (malloc) failed to allocate 263184 bytes for Chunk::new
# Possible reasons:
#   The system is out of physical RAM or swap space
#   In 32 bit mode, the process size limit was hit
# Possible solutions:
#   Reduce memory load on the system
#   Increase physical memory or swap space
#   Check if swap backing store is full
#   Use 64 bit Java on a 64 bit OS
#   Decrease Java heap size (-Xmx/-Xms)
#   Decrease number of Java threads
#   Decrease Java thread stack sizes (-Xss)
#   Set larger code cache with -XX:ReservedCodeCacheSize=
# This output file may be truncated or incomplete.
#
#  Out of Memory Error (allocation.cpp:390), pid=6068, tid=5220
#
# JRE version: Java(TM) SE Runtime Environment (8.0_60-b27) (build 1.8.0_60-b27)
# Java VM: Java HotSpot(TM) 64-Bit Server VM (25.60-b23 mixed mode windows-amd64 compressed oops)
# Failed to write core dump. Minidumps are not enabled by default on client versions of Windows
#

---------------  T H R E A D  ---------------

Current thread (0x00000000171de800):  JavaThread "C2 CompilerThread1" daemon [_thread_in_native, id=5220, stack(0x00000000178b0000,0x00000000179b0000)]

Stack: [0x00000000178b0000,0x00000000179b0000]
[error occurred during error reporting (printing stack bounds), id 0xc0000005]

Native frames: (J=compiled Java code, j=interpreted, Vv=VM code, C=native code)


Current CompileTask:
C2:   3525 1381       4       sun.awt.SunToolkit::isInstanceOf (71 bytes)


---------------  P R O C E S S  ---------------

Java Threads: ( => current thread )
  0x0000000018571000 JavaThread "Swing-Shell" daemon [_thread_blocked, id=2688, stack(0x000000001a840000,0x000000001a940000)]
  0x00000000193b7800 JavaThread "Image Fetcher 3" daemon [_thread_blocked, id=4568, stack(0x000000001a540000,0x000000001a640000)]
  0x00000000181ed800 JavaThread "DestroyJavaVM" [_thread_blocked, id=6364, stack(0x0000000002030000,0x0000000002130000)]
  0x00000000181ec800 JavaThread "AWT-EventQueue-0" [_thread_blocked, id=5644, stack(0x0000000018d60000,0x0000000018e60000)]
  0x00000000181e0800 JavaThread "AWT-Windows" daemon [_thread_in_native, id=5476, stack(0x0000000018a90000,0x0000000018b90000)]
  0x0000000018157000 JavaThread "AWT-Shutdown" [_thread_blocked, id=5824, stack(0x0000000018990000,0x0000000018a90000)]
  0x0000000018154000 JavaThread "Java2D Disposer" daemon [_thread_blocked, id=5208, stack(0x0000000018890000,0x0000000018990000)]
  0x000000001726b800 JavaThread "Service Thread" daemon [_thread_blocked, id=5500, stack(0x0000000017ab0000,0x0000000017bb0000)]
  0x00000000171e3800 JavaThread "C1 CompilerThread2" daemon [_thread_blocked, id=5700, stack(0x00000000179b0000,0x0000000017ab0000)]
=>0x00000000171de800 JavaThread "C2 CompilerThread1" daemon [_thread_in_native, id=5220, stack(0x00000000178b0000,0x00000000179b0000)]
  0x00000000171cb000 JavaThread "C2 CompilerThread0" daemon [_thread_blocked, id=6824, stack(0x00000000177b0000,0x00000000178b0000)]
  0x00000000171ca000 JavaThread "Attach Listener" daemon [_thread_blocked, id=2208, stack(0x00000000176b0000,0x00000000177b0000)]
  0x00000000171c7800 JavaThread "Signal Dispatcher" daemon [_thread_blocked, id=6832, stack(0x00000000175b0000,0x00000000176b0000)]
  0x0000000015b6b800 JavaThread "Finalizer" daemon [_thread_blocked, id=6104, stack(0x0000000016dc0000,0x0000000016ec0000)]
  0x0000000015b62800 JavaThread "Reference Handler" daemon [_thread_blocked, id=5460, stack(0x0000000016cc0000,0x0000000016dc0000)]

Other Threads:
  0x0000000015b58000 VMThread [stack: 0x0000000016bc0000,0x0000000016cc0000] [id=6004]
  0x0000000017273800 WatcherThread [stack: 0x0000000017bb0000,0x0000000017cb0000] [id=5992]

VM state:not at safepoint (normal execution)

VM Mutex/Monitor currently owned by a thread: None

Heap:
 PSYoungGen      total 28672K, used 10873K [0x00000000e0980000, 0x00000000e2980000, 0x0000000100000000)
  eden space 24576K, 27% used [0x00000000e0980000,0x00000000e1023008,0x00000000e2180000)
  from space 4096K, 99% used [0x00000000e2180000,0x00000000e257b3f8,0x00000000e2580000)
  to   space 4096K, 0% used [0x00000000e2580000,0x00000000e2580000,0x00000000e2980000)
 ParOldGen       total 65536K, used 1480K [0x00000000a1c00000, 0x00000000a5c00000, 0x00000000e0980000)
  object space 65536K, 2% used [0x00000000a1c00000,0x00000000a1d72048,0x00000000a5c00000)
 Metaspace       used 17954K, capacity 18230K, committed 18432K, reserved 1064960K
  class space    used 2467K, capacity 2557K, committed 2560K, reserved 1048576K

Card table byte_map: [0x00000000116b0000,0x00000000119b0000] byte_map_base: 0x00000000111a2000

Marking Bits: (ParMarkBitMap*) 0x000000005f2da5b0
 Begin Bits: [0x0000000011fb0000, 0x0000000013740000)
 End Bits:   [0x0000000013740000, 0x0000000014ed0000)

Polling page: 0x0000000000560000

CodeCache: size=245760Kb used=4439Kb max_used=4439Kb free=241320Kb
 bounds [0x00000000022f0000, 0x0000000002750000, 0x00000000112f0000]
 total_blobs=1899 nmethods=1388 adapters=423
 compilation: enabled

Compilation events (10 events):
Event: 3.058 Thread 0x00000000171e3800 1386       3       javax.swing.GroupLayout$Group::setSize (60 bytes)
Event: 3.059 Thread 0x00000000171e3800 nmethod 1386 0x0000000002745a50 code [0x0000000002745c20, 0x00000000027464c8]
Event: 3.059 Thread 0x00000000171e3800 1387       3       java.awt.Dimension::<init> (13 bytes)
Event: 3.059 Thread 0x00000000171e3800 nmethod 1387 0x0000000002746790 code [0x0000000002746900, 0x0000000002746b70]
Event: 3.059 Thread 0x00000000171e3800 1384       1       javax.swing.GroupLayout$ParallelGroup::isResizable (5 bytes)
Event: 3.059 Thread 0x00000000171e3800 nmethod 1384 0x0000000002746cd0 code [0x0000000002746e20, 0x0000000002746f30]
Event: 3.061 Thread 0x00000000171e3800 1388       3       sun.util.locale.BaseLocale::equals (71 bytes)
Event: 3.061 Thread 0x00000000171e3800 nmethod 1388 0x0000000002746f90 code [0x0000000002747100, 0x00000000027475f0]
Event: 3.066 Thread 0x00000000171e3800 1389       1       sun.util.locale.BaseLocale::getRegion (5 bytes)
Event: 3.066 Thread 0x00000000171e3800 nmethod 1389 0x0000000002747950 code [0x0000000002747aa0, 0x0000000002747bb0]

GC Heap History (2 events):
Event: 2.469 GC heap before
{Heap before GC invocations=1 (full 0):
 PSYoungGen      total 28672K, used 24576K [0x00000000e0980000, 0x00000000e2980000, 0x0000000100000000)
  eden space 24576K, 100% used [0x00000000e0980000,0x00000000e2180000,0x00000000e2180000)
  from space 4096K, 0% used [0x00000000e2580000,0x00000000e2580000,0x00000000e2980000)
  to   space 4096K, 0% used [0x00000000e2180000,0x00000000e2180000,0x00000000e2580000)
 ParOldGen       total 65536K, used 0K [0x00000000a1c00000, 0x00000000a5c00000, 0x00000000e0980000)
  object space 65536K, 0% used [0x00000000a1c00000,0x00000000a1c00000,0x00000000a5c00000)
 Metaspace       used 16911K, capacity 17220K, committed 17664K, reserved 1064960K
  class space    used 2346K, capacity 2458K, committed 2560K, reserved 1048576K
Event: 2.477 GC heap after
Heap after GC invocations=1 (full 0):
 PSYoungGen      total 28672K, used 4076K [0x00000000e0980000, 0x00000000e2980000, 0x0000000100000000)
  eden space 24576K, 0% used [0x00000000e0980000,0x00000000e0980000,0x00000000e2180000)
  from space 4096K, 99% used [0x00000000e2180000,0x00000000e257b3f8,0x00000000e2580000)
  to   space 4096K, 0% used [0x00000000e2580000,0x00000000e2580000,0x00000000e2980000)
 ParOldGen       total 65536K, used 1480K [0x00000000a1c00000, 0x00000000a5c00000, 0x00000000e0980000)
  object space 65536K, 2% used [0x00000000a1c00000,0x00000000a1d72048,0x00000000a5c00000)
 Metaspace       used 16911K, capacity 17220K, committed 17664K, reserved 1064960K
  class space    used 2346K, capacity 2458K, committed 2560K, reserved 1048576K
}

Deoptimization events (10 events):
Event: 1.497 Thread 0x00000000181ec800 Uncommon trap: reason=unstable_if action=reinterpret pc=0x000000000249cd10 method=java.lang.String.startsWith(Ljava/lang/String;I)Z @ 25
Event: 1.501 Thread 0x00000000181ec800 Uncommon trap: reason=unstable_if action=reinterpret pc=0x0000000002531664 method=java.lang.AbstractStringBuilder.append(Ljava/lang/String;)Ljava/lang/AbstractStringBuilder; @ 1
Event: 1.501 Thread 0x00000000181ec800 Uncommon trap: reason=unstable_if action=reinterpret pc=0x00000000024e0ed4 method=java.lang.AbstractStringBuilder.append(Ljava/lang/String;)Ljava/lang/AbstractStringBuilder; @ 1
Event: 1.553 Thread 0x00000000181ec800 Uncommon trap: reason=bimorphic action=maybe_recompile pc=0x000000000256c208 method=java.util.HashMap.getNode(ILjava/lang/Object;)Ljava/util/HashMap$Node; @ 126
Event: 1.555 Thread 0x00000000181ec800 Uncommon trap: reason=bimorphic action=maybe_recompile pc=0x000000000256c208 method=java.util.HashMap.getNode(ILjava/lang/Object;)Ljava/util/HashMap$Node; @ 126
Event: 1.555 Thread 0x00000000181ec800 Uncommon trap: reason=bimorphic action=maybe_recompile pc=0x000000000256c208 method=java.util.HashMap.getNode(ILjava/lang/Object;)Ljava/util/HashMap$Node; @ 126
Event: 1.555 Thread 0x00000000181ec800 Uncommon trap: reason=bimorphic action=maybe_recompile pc=0x000000000256c208 method=java.util.HashMap.getNode(ILjava/lang/Object;)Ljava/util/HashMap$Node; @ 126
Event: 1.555 Thread 0x00000000181ec800 Uncommon trap: reason=bimorphic action=maybe_recompile pc=0x0000000002535770 method=java.util.HashMap.getNode(ILjava/lang/Object;)Ljava/util/HashMap$Node; @ 126
Event: 2.481 Thread 0x00000000181ec800 Uncommon trap: reason=unstable_if action=reinterpret pc=0x00000000024a29dc method=sun.nio.cs.UTF_8$Encoder.encode([CII[B)I @ 33
Event: 3.034 Thread 0x00000000181e0800 Uncommon trap: reason=unstable_if action=reinterpret pc=0x00000000026f7324 method=sun.awt.SunToolkit.getAppContext(Ljava/lang/Object;)Lsun/awt/AppContext; @ 4

Internal exceptions (10 events):
Event: 0.177 Thread 0x00000000021f5000 Exception <a 'java/security/PrivilegedActionException'> (0x00000000e0b0e238) thrown at [C:\re\workspace\8-2-build-windows-amd64-cygwin\jdk8u60\4407\hotspot\src\share\vm\prims\jvm.cpp, line 1386]
Event: 0.177 Thread 0x00000000021f5000 Exception <a 'java/security/PrivilegedActionException'> (0x00000000e0b0e448) thrown at [C:\re\workspace\8-2-build-windows-amd64-cygwin\jdk8u60\4407\hotspot\src\share\vm\prims\jvm.cpp, line 1386]
Event: 0.179 Thread 0x00000000021f5000 Exception <a 'java/security/PrivilegedActionException'> (0x00000000e0b12290) thrown at [C:\re\workspace\8-2-build-windows-amd64-cygwin\jdk8u60\4407\hotspot\src\share\vm\prims\jvm.cpp, line 1386]
Event: 0.179 Thread 0x00000000021f5000 Exception <a 'java/security/PrivilegedActionException'> (0x00000000e0b124a0) thrown at [C:\re\workspace\8-2-build-windows-amd64-cygwin\jdk8u60\4407\hotspot\src\share\vm\prims\jvm.cpp, line 1386]
Event: 0.220 Thread 0x00000000021f5000 Exception <a 'java/io/FileNotFoundException'> (0x00000000e0b18cc8) thrown at [C:\re\workspace\8-2-build-windows-amd64-cygwin\jdk8u60\4407\hotspot\src\share\vm\prims\jni.cpp, line 709]
Event: 0.275 Thread 0x00000000021f5000 Exception <a 'java/lang/NoSuchFieldError': method resolution failed> (0x00000000e0be6b48) thrown at [C:\re\workspace\8-2-build-windows-amd64-cygwin\jdk8u60\4407\hotspot\src\share\vm\prims\methodHandles.cpp, line 1146]
Event: 0.277 Thread 0x00000000021f5000 Exception <a 'java/lang/NoSuchFieldError': method resolution failed> (0x00000000e0bf3f18) thrown at [C:\re\workspace\8-2-build-windows-amd64-cygwin\jdk8u60\4407\hotspot\src\share\vm\prims\methodHandles.cpp, line 1146]
Event: 1.468 Thread 0x00000000181ec800 Exception <a 'java/io/FileNotFoundException'> (0x00000000e1b81600) thrown at [C:\re\workspace\8-2-build-windows-amd64-cygwin\jdk8u60\4407\hotspot\src\share\vm\prims\jni.cpp, line 709]
Event: 1.501 Thread 0x00000000181ec800 Implicit null exception at 0x0000000002531316 to 0x000000000253164d
Event: 1.501 Thread 0x00000000181ec800 Implicit null exception at 0x00000000024e0b96 to 0x00000000024e0ebd

Events (10 events):
Event: 3.065 loading class java/awt/KeyboardFocusManager$3
Event: 3.066 loading class java/awt/KeyboardFocusManager$3 done
Event: 3.066 loading class sun/awt/im/CompositionAreaHandler
Event: 3.066 loading class sun/awt/im/CompositionAreaHandler done
Event: 3.066 loading class java/text/AttributedString
Event: 3.067 loading class java/text/AttributedString done
Event: 3.067 loading class java/text/AttributedString$AttributedStringIterator
Event: 3.067 loading class java/text/AttributedCharacterIterator
Event: 3.067 loading class java/text/AttributedCharacterIterator done
Event: 3.067 loading class java/text/AttributedString$AttributedStringIterator done


Dynamic libraries:
0x00007ff7bad90000 - 0x00007ff7badc7000 	C:\Program Files\Java\jdk1.8.0_60\bin\java.exe
0x00007ffd03d10000 - 0x00007ffd03ebc000 	C:\Windows\SYSTEM32\ntdll.dll
0x00007ffd01be0000 - 0x00007ffd01d1e000 	C:\Windows\system32\KERNEL32.DLL
0x00007ffd01270000 - 0x00007ffd01385000 	C:\Windows\system32\KERNELBASE.dll
0x00007ffcffa00000 - 0x00007ffcffa8e000 	C:\Windows\system32\apphelp.dll
0x00007ffcec060000 - 0x00007ffcec0b3000 	C:\Windows\AppPatch\AppPatch64\AcGenral.DLL
0x00007ffd020d0000 - 0x00007ffd0217a000 	C:\Windows\system32\msvcrt.dll
0x00007ffd00c30000 - 0x00007ffd00c5e000 	C:\Windows\SYSTEM32\SspiCli.dll
0x00007ffd01ae0000 - 0x00007ffd01b34000 	C:\Windows\system32\SHLWAPI.dll
0x00007ffd02180000 - 0x00007ffd022f7000 	C:\Windows\system32\USER32.dll
0x00007ffd03b70000 - 0x00007ffd03d04000 	C:\Windows\system32\ole32.dll
0x00007ffd02300000 - 0x00007ffd0382b000 	C:\Windows\system32\SHELL32.dll
0x00007ffd00400000 - 0x00007ffd00421000 	C:\Windows\SYSTEM32\USERENV.dll
0x00007ffd02020000 - 0x00007ffd020ca000 	C:\Windows\system32\ADVAPI32.dll
0x00007ffcf7dc0000 - 0x00007ffcf7dde000 	C:\Windows\SYSTEM32\MPR.dll
0x00007ffd03a00000 - 0x00007ffd03b41000 	C:\Windows\system32\RPCRT4.dll
0x00007ffd01a80000 - 0x00007ffd01ad9000 	C:\Windows\SYSTEM32\sechost.dll
0x00007ffd01790000 - 0x00007ffd019a1000 	C:\Windows\SYSTEM32\combase.dll
0x00007ffd01ed0000 - 0x00007ffd0201f000 	C:\Windows\system32\GDI32.dll
0x00007ffd00e60000 - 0x00007ffd00e75000 	C:\Windows\SYSTEM32\profapi.dll
0x00007ffce66a0000 - 0x00007ffce6b21000 	C:\Windows\AppPatch\AppPatch64\AcLayers.DLL
0x00007ffcfca20000 - 0x00007ffcfca23000 	C:\Windows\SYSTEM32\sfc.dll
0x00007ffcfbc20000 - 0x00007ffcfbca2000 	C:\Windows\SYSTEM32\WINSPOOL.DRV
0x00007ffcf5d20000 - 0x00007ffcf5d32000 	C:\Windows\SYSTEM32\sfc_os.DLL
0x00007ffcff3b0000 - 0x00007ffcff462000 	C:\Windows\SYSTEM32\SHCORE.dll
0x00007ffd03830000 - 0x00007ffd03866000 	C:\Windows\system32\IMM32.DLL
0x00007ffd01570000 - 0x00007ffd016c2000 	C:\Windows\system32\MSCTF.dll
0x00007ffcfed70000 - 0x00007ffcfefeb000 	C:\Windows\WinSxS\amd64_microsoft.windows.common-controls_6595b64144ccf1df_6.0.9600.18006_none_623f33d3ecbe86e8\COMCTL32.dll
0x00007ffcf54a0000 - 0x00007ffcf54b1000 	C:\Windows\SYSTEM32\SortWindows61.dll
0x000000005ddf0000 - 0x000000005dec2000 	C:\Program Files\Java\jdk1.8.0_60\jre\bin\msvcr100.dll
0x000000005ead0000 - 0x000000005f359000 	C:\Program Files\Java\jdk1.8.0_60\jre\bin\server\jvm.dll
0x00007ffcf5f10000 - 0x00007ffcf5f19000 	C:\Windows\SYSTEM32\WSOCK32.dll
0x00007ffcfc780000 - 0x00007ffcfc7a2000 	C:\Windows\SYSTEM32\WINMM.dll
0x00007ffcfc960000 - 0x00007ffcfc96a000 	C:\Windows\SYSTEM32\VERSION.dll
0x00007ffd03b50000 - 0x00007ffd03b57000 	C:\Windows\system32\PSAPI.DLL
0x00007ffd01a10000 - 0x00007ffd01a6a000 	C:\Windows\system32\WS2_32.dll
0x00007ffcfbe30000 - 0x00007ffcfbe5a000 	C:\Windows\SYSTEM32\WINMMBASE.dll
0x00007ffd01bd0000 - 0x00007ffd01bd9000 	C:\Windows\system32\NSI.dll
0x00007ffd00f30000 - 0x00007ffd00f7f000 	C:\Windows\SYSTEM32\cfgmgr32.dll
0x00007ffcffc50000 - 0x00007ffcffc78000 	C:\Windows\SYSTEM32\DEVOBJ.dll
0x000000005f830000 - 0x000000005f83f000 	C:\Program Files\Java\jdk1.8.0_60\jre\bin\verify.dll
0x000000005f800000 - 0x000000005f829000 	C:\Program Files\Java\jdk1.8.0_60\jre\bin\java.dll
0x000000005f7e0000 - 0x000000005f7f6000 	C:\Program Files\Java\jdk1.8.0_60\jre\bin\zip.dll
0x000000005dc10000 - 0x000000005dda8000 	C:\Program Files\Java\jdk1.8.0_60\jre\bin\awt.dll
0x00007ffd03870000 - 0x00007ffd03931000 	C:\Windows\system32\OLEAUT32.dll
0x00007ffcffb20000 - 0x00007ffcffc49000 	C:\Windows\system32\uxtheme.dll
0x00007ffcff1b0000 - 0x00007ffcff1d1000 	C:\Windows\system32\dwmapi.dll
0x00007ffcffca0000 - 0x00007ffcffcab000 	C:\Windows\SYSTEM32\kernel.appcore.dll
0x00007ffd00cd0000 - 0x00007ffd00cdb000 	C:\Windows\SYSTEM32\CRYPTBASE.dll
0x00007ffd00c60000 - 0x00007ffd00cc3000 	C:\Windows\SYSTEM32\bcryptPrimitives.dll
0x00007ffcfb860000 - 0x00007ffcfb904000 	C:\Windows\WinSxS\amd64_microsoft.windows.common-controls_6595b64144ccf1df_5.82.9600.17810_none_34ae2abd958aedeb\comctl32.dll
0x000000005dbc0000 - 0x000000005dc07000 	C:\Program Files\Java\jdk1.8.0_60\jre\bin\fontmanager.dll
0x000000005f520000 - 0x000000005f53a000 	C:\Program Files\Java\jdk1.8.0_60\jre\bin\net.dll
0x00007ffd00670000 - 0x00007ffd006c9000 	C:\Windows\system32\mswsock.dll
0x000000005f500000 - 0x000000005f511000 	C:\Program Files\Java\jdk1.8.0_60\jre\bin\nio.dll
0x000000005db70000 - 0x000000005dbb2000 	C:\Program Files\Java\jdk1.8.0_60\jre\bin\t2k.dll
0x00007ffd016d0000 - 0x00007ffd01786000 	C:\Windows\SYSTEM32\clbcatq.dll
0x00007ffcf9be0000 - 0x00007ffcf9d5f000 	C:\Windows\SYSTEM32\PROPSYS.dll
0x00007ffcf8c60000 - 0x00007ffcf8dfd000 	C:\Windows\system32\NetworkExplorer.dll
0x00007ffd01390000 - 0x00007ffd0156a000 	C:\Windows\system32\SETUPAPI.dll
0x00007ffcfc340000 - 0x00007ffcfc34b000 	C:\Windows\System32\drprov.dll
0x00007ffd00d80000 - 0x00007ffd00dda000 	C:\Windows\System32\WINSTA.dll
0x00007ffcfaeb0000 - 0x00007ffcfaec7000 	C:\Windows\System32\ntlanman.dll
0x00007ffcfae70000 - 0x00007ffcfae8f000 	C:\Windows\System32\davclnt.dll
0x00007ffcfb260000 - 0x00007ffcfb26c000 	C:\Windows\System32\DAVHLPR.dll
0x00007ffcfb740000 - 0x00007ffcfb757000 	C:\Windows\System32\wkscli.dll
0x00007ffcf4000000 - 0x00007ffcf4012000 	C:\Windows\SYSTEM32\cscapi.dll
0x00007ffd000a0000 - 0x00007ffd000ac000 	C:\Windows\System32\netutils.dll
0x00007ffce99a0000 - 0x00007ffce9a1b000 	C:\Windows\System32\dlnashext.dll
0x00007ffcf0f90000 - 0x00007ffcf0fde000 	C:\Windows\System32\PlayToDevice.dll
0x00007ffd006d0000 - 0x00007ffd006f0000 	C:\Windows\SYSTEM32\CRYPTSP.dll
0x00007ffd002f0000 - 0x00007ffd00326000 	C:\Windows\system32\rsaenh.dll
0x00007ffd00920000 - 0x00007ffd00946000 	C:\Windows\SYSTEM32\bcrypt.dll
0x00007ffce9a40000 - 0x00007ffce9a5e000 	C:\Windows\System32\DevDispItemProvider.dll
0x00007ffce83b0000 - 0x00007ffce85ad000 	C:\Windows\system32\wpdshext.dll
0x00007ffcfba70000 - 0x00007ffcfbc20000 	C:\Windows\WinSxS\amd64_microsoft.windows.gdiplus_6595b64144ccf1df_1.1.9600.17415_none_932b3b5547500489\gdiplus.dll
0x00007ffcf6570000 - 0x00007ffcf6833000 	C:\Windows\System32\actxprxy.dll
0x00007ffcf1a30000 - 0x00007ffcf1ae4000 	C:\Windows\System32\PortableDeviceApi.dll
0x00007ffd01160000 - 0x00007ffd011b1000 	C:\Windows\system32\WINTRUST.dll
0x00007ffd00f80000 - 0x00007ffd0115f000 	C:\Windows\system32\CRYPT32.dll
0x00007ffd00f10000 - 0x00007ffd00f21000 	C:\Windows\system32\MSASN1.dll
0x00007ffcfabd0000 - 0x00007ffcfac07000 	C:\Windows\System32\EhStorShell.dll
0x00007ffcf1a00000 - 0x00007ffcf1a26000 	C:\Windows\System32\EhStorAPI.dll
0x00007ffcff9e0000 - 0x00007ffcff9f2000 	C:\Windows\System32\WTSAPI32.dll
0x00007ffcf4050000 - 0x00007ffcf405d000 	C:\Windows\SYSTEM32\LINKINFO.dll

VM Arguments:
jvm_args: -Dfile.encoding=UTF-8 
java_command: org.harley.reman.Reman
java_class_path (initial): D:\GitHub\FORK\REMAN\nbReman\lib\AbsoluteLayout.jar;D:\GitHub\FORK\REMAN\nbReman\lib\DateChooser.jar;D:\GitHub\FORK\REMAN\nbReman\lib\avalon-framework-4.2.0.jar;D:\GitHub\FORK\REMAN\nbReman\lib\batik-all-1.8.jar;D:\GitHub\FORK\REMAN\nbReman\lib\commons-io-1.3.1.jar;D:\GitHub\FORK\REMAN\nbReman\lib\commons-logging-1.0.4.jar;D:\GitHub\FORK\REMAN\nbReman\lib\fop.jar;D:\GitHub\FORK\REMAN\nbReman\lib\xmlgraphics-commons-2.0.1.jar;D:\GitHub\FORK\REMAN\nbReman\build\classes
Launcher Type: SUN_STANDARD

Environment Variables:
JAVA_HOME=C:\Program Files\Java\jdk1.8.0_60\
PATH=C:\ProgramData\Oracle\Java\javapath;C:\Program Files (x86)\Intel\iCLS Client\;C:\Program Files\Intel\iCLS Client\;C:\Program Files\Broadcom\Broadcom 802.11 Network Adapter;C:\Windows\system32;C:\Windows;C:\Windows\System32\Wbem;C:\Windows\System32\WindowsPowerShell\v1.0\;C:\Program Files\WIDCOMM\Bluetooth Software\;C:\Program Files\WIDCOMM\Bluetooth Software\syswow64;C:\Program Files\Intel\Intel(R) Management Engine Components\DAL;C:\Program Files\Intel\Intel(R) Management Engine Components\IPT;C:\Program Files (x86)\Intel\Intel(R) Management Engine Components\DAL;C:\Program Files (x86)\Intel\Intel(R) Management Engine Components\IPT;C:\Users\Christian\.dnx\bin;C:\Program Files\Microsoft DNX\Dnvm\;C:\Program Files\Microsoft SQL Server\120\Tools\Binn\;C:\Program Files (x86)\Microsoft SQL Server\100\Tools\Binn\;C:\Program Files (x86)\Microsoft SQL Server\100\DTS\Binn\;C:\Program Files\MATLAB\R2013b\runtime\win64;C:\Program Files\MATLAB\R2013b\bin;C:\Program Files\MATLAB\R2013b\polyspace\bin;C:\mingw64\mingw64\bin;C:\opencv-install\bin;C:\Program Files\Java\jdk1.8.0_60\bin
USERNAME=Christian
OS=Windows_NT
PROCESSOR_IDENTIFIER=Intel64 Family 6 Model 69 Stepping 1, GenuineIntel



---------------  S Y S T E M  ---------------

OS: Windows 8.1 , 64 bit Build 9600 (6.3.9600.17415)

CPU:total 4 (2 cores per cpu, 2 threads per core) family 6 model 69 stepping 1, cmov, cx8, fxsr, mmx, sse, sse2, sse3, ssse3, sse4.1, sse4.2, popcnt, avx, avx2, aes, clmul, erms, lzcnt, ht, tsc, tscinvbit, bmi1, bmi2

Memory: 4k page, physical 6172056k(1904752k free), swap 6172056k(5032k free)

vm_info: Java HotSpot(TM) 64-Bit Server VM (25.60-b23) for windows-amd64 JRE (1.8.0_60-b27), built on Aug  4 2015 11:06:27 by "java_re" with MS VC++ 10.0 (VS2010)

time: Sun Dec 27 16:01:48 2015
elapsed time: 3 seconds (0d 0h 0m 3s)

